This file contains any messages produced by compilers while
running configure, to aid debugging if configure makes a mistake.

It was created by configure, which was
generated by GNU Autoconf 2.68.  Invocation command line was

  $ ./configure --prefix=/data/home/loganwu/.demo/ServerForMogan/ConndSvr/libevent-2.0.21-stable/installDir

## --------- ##
## Platform. ##
## --------- ##

hostname = IED_40_225_sles10_64
uname -m = x86_64
uname -r = 2.6.16.60-0.21-TENCENT64-domU-101130
uname -s = Linux
uname -v = #7 SMP Tue Nov 30 07:19:57 CST 2010

/usr/bin/uname -p = unknown
/bin/uname -X     = unknown

/bin/arch              = x86_64
/usr/bin/arch -k       = unknown
/usr/convex/getsysinfo = unknown
/usr/bin/hostinfo      = unknown
/bin/machine           = unknown
/usr/bin/oslevel       = unknown
/bin/universe          = unknown

PATH: /usr/local/bin
PATH: /usr/bin
PATH: /usr/X11R6/bin
PATH: /bin
PATH: /usr/games
PATH: /opt/gnome/bin
PATH: /data/home/loganwu/bin
PATH: /usr/local/bin
PATH: /usr/bin
PATH: /bin
PATH: /usr/lib/mit/bin
PATH: /usr/lib/mit/sbin
PATH: /data/home/loganwu/.demo/cmakeSrc/cmake-3.0.0/installdir/bin
PATH: /data/home/loganwu/.demo/git-master/installDir/bin
PATH: /data/home/loganwu/.demo/cmakeSrc/cmake-3.0.0/installdir/bin
PATH: /data/home/loganwu/.demo/git-master/installDir/bin
PATH: /data/home/loganwu/.demo/ServerForMogan/ConndSvr/bin/


## ----------- ##
## Core tests. ##
## ----------- ##

configure:2615: checking for a BSD-compatible install
configure:2683: result: /usr/bin/install -c
configure:2694: checking whether build environment is sane

## ---------------- ##
## Cache variables. ##
## ---------------- ##

ac_cv_env_CC_set=
ac_cv_env_CC_value=
ac_cv_env_CFLAGS_set=
ac_cv_env_CFLAGS_value=
ac_cv_env_CPPFLAGS_set=
ac_cv_env_CPPFLAGS_value=
ac_cv_env_CPP_set=
ac_cv_env_CPP_value=
ac_cv_env_LDFLAGS_set=
ac_cv_env_LDFLAGS_value=
ac_cv_env_LIBS_set=
ac_cv_env_LIBS_value=
ac_cv_env_build_alias_set=
ac_cv_env_build_alias_value=
ac_cv_env_host_alias_set=
ac_cv_env_host_alias_value=
ac_cv_env_target_alias_set=
ac_cv_env_target_alias_value=
ac_cv_path_install='/usr/bin/install -c'

## ----------------- ##
## Output variables. ##
## ----------------- ##

ACLOCAL=''
AMDEPBACKSLASH=''
AMDEP_FALSE=''
AMDEP_TRUE=''
AMTAR=''
AR=''
AUTOCONF=''
AUTOHEADER=''
AUTOMAKE=''
AWK=''
BUILD_CYGWIN_FALSE=''
BUILD_CYGWIN_TRUE=''
BUILD_REGRESS_FALSE=''
BUILD_REGRESS_TRUE=''
BUILD_WIN32_FALSE=''
BUILD_WIN32_TRUE=''
BUILD_WITH_NO_UNDEFINED_FALSE=''
BUILD_WITH_NO_UNDEFINED_TRUE=''
CC=''
CCDEPMODE=''
CFLAGS=''
CPP=''
CPPFLAGS=''
CYGPATH_W=''
DEFS=''
DEPDIR=''
DEVPOLL_BACKEND_FALSE=''
DEVPOLL_BACKEND_TRUE=''
DLLTOOL=''
DSYMUTIL=''
DUMPBIN=''
ECHO_C=''
ECHO_N='-n'
ECHO_T=''
EGREP=''
EPOLL_BACKEND_FALSE=''
EPOLL_BACKEND_TRUE=''
EVPORT_BACKEND_FALSE=''
EVPORT_BACKEND_TRUE=''
EV_LIB_GDI=''
EV_LIB_WS32=''
EXEEXT=''
FGREP=''
GREP=''
INSTALL_DATA='${INSTALL} -m 644'
INSTALL_LIBEVENT_FALSE=''
INSTALL_LIBEVENT_TRUE=''
INSTALL_PROGRAM='${INSTALL}'
INSTALL_SCRIPT='${INSTALL}'
INSTALL_STRIP_PROGRAM=''
KQUEUE_BACKEND_FALSE=''
KQUEUE_BACKEND_TRUE=''
LD=''
LDFLAGS=''
LIBEVENT_GC_SECTIONS=''
LIBOBJS=''
LIBS=''
LIBTOOL=''
LIBTOOL_DEPS=''
LIPO=''
LN_S=''
LTLIBOBJS=''
MAKEINFO=''
MANIFEST_TOOL=''
MKDIR_P=''
NM=''
NMEDIT=''
OBJDUMP=''
OBJEXT=''
OPENSSL_FALSE=''
OPENSSL_LIBADD=''
OPENSSL_LIBS=''
OPENSSL_TRUE=''
OTOOL64=''
OTOOL=''
PACKAGE=''
PACKAGE_BUGREPORT=''
PACKAGE_NAME=''
PACKAGE_STRING=''
PACKAGE_TARNAME=''
PACKAGE_URL=''
PACKAGE_VERSION=''
PATH_SEPARATOR=':'
POLL_BACKEND_FALSE=''
POLL_BACKEND_TRUE=''
PTHREADS_FALSE=''
PTHREADS_TRUE=''
PTHREAD_CC=''
PTHREAD_CFLAGS=''
PTHREAD_LIBS=''
RANLIB=''
SED=''
SELECT_BACKEND_FALSE=''
SELECT_BACKEND_TRUE=''
SET_MAKE=''
SHELL='/bin/sh'
SIGNAL_SUPPORT_FALSE=''
SIGNAL_SUPPORT_TRUE=''
STRIP=''
VERSION=''
ZLIB_LIBS=''
ZLIB_REGRESS_FALSE=''
ZLIB_REGRESS_TRUE=''
ac_ct_AR=''
ac_ct_CC=''
ac_ct_DUMPBIN=''
acx_pthread_config=''
am__EXEEXT_FALSE=''
am__EXEEXT_TRUE=''
am__fastdepCC_FALSE=''
am__fastdepCC_TRUE=''
am__include=''
am__isrc=''
am__leading_dot=''
am__nodep=''
am__quote=''
am__tar=''
am__untar=''
bindir='${exec_prefix}/bin'
build=''
build_alias=''
build_cpu=''
build_os=''
build_vendor=''
datadir='${datarootdir}'
datarootdir='${prefix}/share'
docdir='${datarootdir}/doc/${PACKAGE}'
dvidir='${docdir}'
exec_prefix='NONE'
host=''
host_alias=''
host_cpu=''
host_os=''
host_vendor=''
htmldir='${docdir}'
includedir='${prefix}/include'
infodir='${datarootdir}/info'
install_sh=''
libdir='${exec_prefix}/lib'
libexecdir='${exec_prefix}/libexec'
localedir='${datarootdir}/locale'
localstatedir='${prefix}/var'
mandir='${datarootdir}/man'
mkdir_p=''
oldincludedir='/usr/include'
pdfdir='${docdir}'
prefix='/data/home/loganwu/.demo/ServerForMogan/ConndSvr/libevent-2.0.21-stable/installDir'
program_transform_name='s,x,x,'
psdir='${docdir}'
sbindir='${exec_prefix}/sbin'
sharedstatedir='${prefix}/com'
sysconfdir='${prefix}/etc'
target_alias=''

## ----------- ##
## confdefs.h. ##
## ----------- ##

/* confdefs.h */
#define PACKAGE_NAME ""
#define PACKAGE_TARNAME ""
#define PACKAGE_VERSION ""
#define PACKAGE_STRING ""
#define PACKAGE_BUGREPORT ""
#define PACKAGE_URL ""

configure: caught signal 2
configure: exit 1
